#-----------------------------------------------------------
# Vivado v2022.2 (64-bit)
# SW Build 3671981 on Fri Oct 14 04:59:54 MDT 2022
# IP Build 3669848 on Fri Oct 14 08:30:02 MDT 2022
# Start of session at: Tue Jul  4 08:39:08 2023
# Process ID: 6629
# Current directory: /home/stefano/Desktop/PhD/Lavori/InProgress/uVTx/implementation/platform/fpga/vivado
# Command line: vivado
# Log file: /home/stefano/Desktop/PhD/Lavori/InProgress/uVTx/implementation/platform/fpga/vivado/vivado.log
# Journal file: /home/stefano/Desktop/PhD/Lavori/InProgress/uVTx/implementation/platform/fpga/vivado/vivado.jou
# Running On: stefano-Victus-by-HP-Laptop-16-e0xxx, OS: Linux, CPU Frequency: 3353.606 MHz, CPU Physical cores: 16, Host memory: 16065 MB
#-----------------------------------------------------------
start_gui
WARNING: [Board 49-26] cannot add Board Part xilinx.com:vek280_es:part0:1.0 available at /tools/Xilinx/Vivado/2022.2/data/xhub/boards/XilinxBoardStore/boards/Xilinx/vek280/es/1.0/board.xml as part xcve2802-vsvh1760-2lp-e-s-es1 specified in board_part file is either invalid or not available
WARNING: [Board 49-26] cannot add Board Part xilinx.com:vhk158_es:part0:1.0 available at /tools/Xilinx/Vivado/2022.2/data/xhub/boards/XilinxBoardStore/boards/Xilinx/vhk158/es/1.0/board.xml as part xcvh1582-vsva3697-2mp-e-s-es1 specified in board_part file is either invalid or not available
WARNING: [Board 49-26] cannot add Board Part xilinx.com:vpk120_es:part0:1.2 available at /tools/Xilinx/Vivado/2022.2/data/xhub/boards/XilinxBoardStore/boards/Xilinx/vpk120/es/1.2/board.xml as part xcvp1202-vsva2785-2mp-e-s-es1 specified in board_part file is either invalid or not available
WARNING: [Board 49-26] cannot add Board Part xilinx.com:vpk120_es_revb:part0:1.0 available at /tools/Xilinx/Vivado/2022.2/data/xhub/boards/XilinxBoardStore/boards/Xilinx/vpk120_revb/es/1.0/board.xml as part xcvp1202-vsva2785-2mp-e-s-es1 specified in board_part file is either invalid or not available
WARNING: [Board 49-26] cannot add Board Part xilinx.com:vpk180_es:part0:1.0 available at /tools/Xilinx/Vivado/2022.2/data/xhub/boards/XilinxBoardStore/boards/Xilinx/vpk180/es/1.0/board.xml as part xcvp1802-lsvc4072-2mp-e-s-es1 specified in board_part file is either invalid or not available
WARNING: [Board 49-26] cannot add Board Part xilinx.com:zcu208ld:part0:2.0 available at /tools/Xilinx/Vivado/2022.2/data/xhub/boards/XilinxBoardStore/boards/Xilinx/zcu208ld/production/2.0/board.xml as part xczu58dr-fsvg1517-2-i specified in board_part file is either invalid or not available
WARNING: [Board 49-26] cannot add Board Part xilinx.com:zcu216ld:part0:2.0 available at /tools/Xilinx/Vivado/2022.2/data/xhub/boards/XilinxBoardStore/boards/Xilinx/zcu216ld/production/2.0/board.xml as part xczu59dr-ffvf1760-2-i specified in board_part file is either invalid or not available
WARNING: [Board 49-26] cannot add Board Part xilinx.com:zcu670:part0:2.0 available at /tools/Xilinx/Vivado/2022.2/data/xhub/boards/XilinxBoardStore/boards/Xilinx/zcu670/2.0/board.xml as part xczu67dr-fsve1156-2-i specified in board_part file is either invalid or not available
WARNING: [Board 49-26] cannot add Board Part xilinx.com:zcu670ld:part0:1.0 available at /tools/Xilinx/Vivado/2022.2/data/xhub/boards/XilinxBoardStore/boards/Xilinx/zcu670ld/1.0/board.xml as part xczu57dr-fsve1156-2-i specified in board_part file is either invalid or not available
open_project /home/stefano/Desktop/PhD/Lavori/InProgress/uVTx/implementation/platform/fpga/vivado/cv32e41s_soc/cv32e41s_soc.xpr
INFO: [filemgmt 56-3] Default IP Output Path : Could not find the directory '/home/stefano/Desktop/PhD/Lavori/InProgress/uVTx/implementation/platform/fpga/vivado/cv32e41s_soc/cv32e41s_soc.gen/sources_1'.
Scanning sources...
Finished scanning sources
INFO: [IP_Flow 19-234] Refreshing IP repositories
INFO: [IP_Flow 19-1704] No user IP repositories specified
INFO: [IP_Flow 19-2313] Loaded Vivado IP repository '/tools/Xilinx/Vivado/2022.2/data/ip'.
open_hw_manager
update_compile_order -fileset sources_1
connect_hw_server -allow_non_jtag
INFO: [Labtools 27-2285] Connecting to hw_server url TCP:localhost:3121
INFO: [Labtools 27-2222] Launching hw_server...
INFO: [Labtools 27-2221] Launch Output:

****** Xilinx hw_server v2022.2
  **** Build date : Oct 14 2022 at 05:10:28
    ** Copyright 1986-2022 Xilinx, Inc. All Rights Reserved.


INFO: [Labtools 27-3415] Connecting to cs_server url TCP:localhost:0
INFO: [Labtools 27-3417] Launching cs_server...
INFO: [Labtools 27-2221] Launch Output:


******** Xilinx cs_server v2022.2.0
  ****** Build date   : Oct 05 2022-01:25:37
    **** Build number : 2022.2.1664925937
      ** Copyright 2017-2023 Xilinx, Inc. All Rights Reserved.



open_hw_target
INFO: [Labtoolstcl 44-466] Opening hw_target localhost:3121/xilinx_tcf/Digilent/210292B18098A
set_property PROGRAM.FILE {/home/stefano/Desktop/PhD/Lavori/InProgress/uVTx/implementation/platform/fpga/vivado/cv32e41s_soc/cv32e41s_soc.runs/impl_1/top_nexys7.bit} [get_hw_devices xc7a100t_0]
current_hw_device [get_hw_devices xc7a100t_0]
refresh_hw_device -update_hw_probes false [lindex [get_hw_devices xc7a100t_0] 0]
INFO: [Labtools 27-1435] Device xc7a100t (JTAG device index = 0) is not programmed (DONE status = 0).
set_property PROBES.FILE {} [get_hw_devices xc7a100t_0]
set_property FULL_PROBES.FILE {} [get_hw_devices xc7a100t_0]
set_property PROGRAM.FILE {/home/stefano/Desktop/PhD/Lavori/InProgress/uVTx/implementation/platform/fpga/vivado/cv32e41s_soc/cv32e41s_soc.runs/impl_1/top_nexys7.bit} [get_hw_devices xc7a100t_0]
program_hw_devices [get_hw_devices xc7a100t_0]
INFO: [Labtools 27-3164] End of startup status: HIGH
refresh_hw_device [lindex [get_hw_devices xc7a100t_0] 0]
INFO: [Labtools 27-1434] Device xc7a100t (JTAG device index = 0) is programmed with a design that has no supported debug core(s) in it.
close_hw_manager
reset_run synth_1
INFO: [Project 1-1161] Replacing file /home/stefano/Desktop/PhD/Lavori/InProgress/uVTx/implementation/platform/fpga/vivado/cv32e41s_soc/cv32e41s_soc.srcs/utils_1/imports/synth_1/top_nexys7.dcp with file /home/stefano/Desktop/PhD/Lavori/InProgress/uVTx/implementation/platform/fpga/vivado/cv32e41s_soc/cv32e41s_soc.runs/synth_1/top_nexys7.dcp
launch_runs impl_1 -to_step write_bitstream -jobs 8
[Tue Jul  4 09:03:03 2023] Launched synth_1...
Run output will be captured here: /home/stefano/Desktop/PhD/Lavori/InProgress/uVTx/implementation/platform/fpga/vivado/cv32e41s_soc/cv32e41s_soc.runs/synth_1/runme.log
[Tue Jul  4 09:03:03 2023] Launched impl_1...
Run output will be captured here: /home/stefano/Desktop/PhD/Lavori/InProgress/uVTx/implementation/platform/fpga/vivado/cv32e41s_soc/cv32e41s_soc.runs/impl_1/runme.log
open_run impl_1
INFO: [Device 21-403] Loading part xc7a100tcsg324-1
Netlist sorting complete. Time (s): cpu = 00:00:00.05 ; elapsed = 00:00:00.05 . Memory (MB): peak = 9253.289 ; gain = 0.000 ; free physical = 3535 ; free virtual = 9886
INFO: [Netlist 29-17] Analyzing 799 Unisim elements for replacement
INFO: [Netlist 29-28] Unisim Transformation completed in 0 CPU seconds
INFO: [Project 1-479] Netlist was created with Vivado 2022.2
INFO: [Project 1-570] Preparing netlist for logic optimization
INFO: [Timing 38-478] Restoring timing data from binary archive.
INFO: [Timing 38-479] Binary timing data restore complete.
INFO: [Project 1-856] Restoring constraints from binary archive.
INFO: [Project 1-853] Binary constraint restore complete.
Reading XDEF placement.
Reading placer database...
Reading XDEF routing.
Read XDEF Files: Time (s): cpu = 00:00:00.62 ; elapsed = 00:00:00.62 . Memory (MB): peak = 9869.410 ; gain = 0.000 ; free physical = 3018 ; free virtual = 9364
Restored from archive | CPU: 0.630000 secs | Memory: 14.372101 MB |
Finished XDEF File Restore: Time (s): cpu = 00:00:00.62 ; elapsed = 00:00:00.62 . Memory (MB): peak = 9869.410 ; gain = 0.000 ; free physical = 3018 ; free virtual = 9364
Netlist sorting complete. Time (s): cpu = 00:00:00 ; elapsed = 00:00:00 . Memory (MB): peak = 9869.410 ; gain = 0.000 ; free physical = 3018 ; free virtual = 9365
INFO: [Project 1-111] Unisim Transformation Summary:
No Unisim elements were transformed.

open_run: Time (s): cpu = 00:00:17 ; elapsed = 00:00:10 . Memory (MB): peak = 10156.664 ; gain = 1213.477 ; free physical = 2823 ; free virtual = 9172
reset_run impl_1 -prev_step 
launch_runs impl_1 -to_step write_bitstream -jobs 8
[Tue Jul  4 09:07:12 2023] Launched impl_1...
Run output will be captured here: /home/stefano/Desktop/PhD/Lavori/InProgress/uVTx/implementation/platform/fpga/vivado/cv32e41s_soc/cv32e41s_soc.runs/impl_1/runme.log
open_hw_manager
connect_hw_server -allow_non_jtag
INFO: [Labtools 27-2285] Connecting to hw_server url TCP:localhost:3121
INFO: [Labtools 27-2222] Launching hw_server...
INFO: [Labtools 27-2221] Launch Output:

****** Xilinx hw_server v2022.2
  **** Build date : Oct 14 2022 at 05:10:28
    ** Copyright 1986-2022 Xilinx, Inc. All Rights Reserved.


INFO: [Labtools 27-3415] Connecting to cs_server url TCP:localhost:0
INFO: [Labtools 27-3417] Launching cs_server...
INFO: [Labtools 27-2221] Launch Output:


******** Xilinx cs_server v2022.2.0
  ****** Build date   : Oct 05 2022-01:25:37
    **** Build number : 2022.2.1664925937
      ** Copyright 2017-2023 Xilinx, Inc. All Rights Reserved.



open_hw_target
INFO: [Labtoolstcl 44-466] Opening hw_target localhost:3121/xilinx_tcf/Digilent/210292B18098A
set_property PROGRAM.FILE {/home/stefano/Desktop/PhD/Lavori/InProgress/uVTx/implementation/platform/fpga/vivado/cv32e41s_soc/cv32e41s_soc.runs/impl_1/top_nexys7.bit} [get_hw_devices xc7a100t_0]
current_hw_device [get_hw_devices xc7a100t_0]
refresh_hw_device -update_hw_probes false [lindex [get_hw_devices xc7a100t_0] 0]
INFO: [Labtools 27-1434] Device xc7a100t (JTAG device index = 0) is programmed with a design that has no supported debug core(s) in it.
set_property PROBES.FILE {} [get_hw_devices xc7a100t_0]
set_property FULL_PROBES.FILE {} [get_hw_devices xc7a100t_0]
set_property PROGRAM.FILE {/home/stefano/Desktop/PhD/Lavori/InProgress/uVTx/implementation/platform/fpga/vivado/cv32e41s_soc/cv32e41s_soc.runs/impl_1/top_nexys7.bit} [get_hw_devices xc7a100t_0]
program_hw_devices [get_hw_devices xc7a100t_0]
INFO: [Labtools 27-3164] End of startup status: HIGH
refresh_hw_device [lindex [get_hw_devices xc7a100t_0] 0]
INFO: [Labtools 27-1434] Device xc7a100t (JTAG device index = 0) is programmed with a design that has no supported debug core(s) in it.
reset_run impl_1 -prev_step 
launch_runs impl_1 -to_step write_bitstream -jobs 8
[Tue Jul  4 09:09:15 2023] Launched impl_1...
Run output will be captured here: /home/stefano/Desktop/PhD/Lavori/InProgress/uVTx/implementation/platform/fpga/vivado/cv32e41s_soc/cv32e41s_soc.runs/impl_1/runme.log
reset_run impl_1 -prev_step 
launch_runs impl_1 -to_step write_bitstream -jobs 8
[Tue Jul  4 09:10:24 2023] Launched impl_1...
Run output will be captured here: /home/stefano/Desktop/PhD/Lavori/InProgress/uVTx/implementation/platform/fpga/vivado/cv32e41s_soc/cv32e41s_soc.runs/impl_1/runme.log
set_property PROBES.FILE {} [get_hw_devices xc7a100t_0]
set_property FULL_PROBES.FILE {} [get_hw_devices xc7a100t_0]
set_property PROGRAM.FILE {/home/stefano/Desktop/PhD/Lavori/InProgress/uVTx/implementation/platform/fpga/vivado/cv32e41s_soc/cv32e41s_soc.runs/impl_1/top_nexys7.bit} [get_hw_devices xc7a100t_0]
program_hw_devices [get_hw_devices xc7a100t_0]
INFO: [Labtools 27-3164] End of startup status: HIGH
refresh_hw_device [lindex [get_hw_devices xc7a100t_0] 0]
INFO: [Labtools 27-1434] Device xc7a100t (JTAG device index = 0) is programmed with a design that has no supported debug core(s) in it.
ERROR: [Labtoolstcl 44-513] HW Target shutdown. Closing target: localhost:3121/xilinx_tcf/Digilent/210292B18098A
INFO: [Labtoolstcl 44-466] Opening hw_target localhost:3121/xilinx_tcf/Digilent/210292B18098A
INFO: [Labtools 27-1435] Device xc7a100t (JTAG device index = 0) is not programmed (DONE status = 0).
WARNING: [Labtoolstcl 44-129] No matching hw_ila_data was found.
reset_run impl_1 -prev_step 
launch_runs impl_1 -to_step write_bitstream -jobs 8
[Tue Jul  4 09:15:08 2023] Launched impl_1...
Run output will be captured here: /home/stefano/Desktop/PhD/Lavori/InProgress/uVTx/implementation/platform/fpga/vivado/cv32e41s_soc/cv32e41s_soc.runs/impl_1/runme.log
set_property PROBES.FILE {} [get_hw_devices xc7a100t_0]
set_property FULL_PROBES.FILE {} [get_hw_devices xc7a100t_0]
set_property PROGRAM.FILE {/home/stefano/Desktop/PhD/Lavori/InProgress/uVTx/implementation/platform/fpga/vivado/cv32e41s_soc/cv32e41s_soc.runs/impl_1/top_nexys7.bit} [get_hw_devices xc7a100t_0]
program_hw_devices [get_hw_devices xc7a100t_0]
INFO: [Labtools 27-3164] End of startup status: HIGH
refresh_hw_device [lindex [get_hw_devices xc7a100t_0] 0]
INFO: [Labtools 27-1434] Device xc7a100t (JTAG device index = 0) is programmed with a design that has no supported debug core(s) in it.
close_hw_manager
reset_run impl_1 -prev_step 
launch_runs impl_1 -to_step write_bitstream -jobs 8
[Tue Jul  4 09:16:59 2023] Launched impl_1...
Run output will be captured here: /home/stefano/Desktop/PhD/Lavori/InProgress/uVTx/implementation/platform/fpga/vivado/cv32e41s_soc/cv32e41s_soc.runs/impl_1/runme.log
open_hw_manager
connect_hw_server -allow_non_jtag
INFO: [Labtools 27-2285] Connecting to hw_server url TCP:localhost:3121
INFO: [Labtools 27-2222] Launching hw_server...
INFO: [Labtools 27-2221] Launch Output:

****** Xilinx hw_server v2022.2
  **** Build date : Oct 14 2022 at 05:10:28
    ** Copyright 1986-2022 Xilinx, Inc. All Rights Reserved.


INFO: [Labtools 27-3415] Connecting to cs_server url TCP:localhost:0
INFO: [Labtools 27-3417] Launching cs_server...
INFO: [Labtools 27-2221] Launch Output:


******** Xilinx cs_server v2022.2.0
  ****** Build date   : Oct 05 2022-01:25:37
    **** Build number : 2022.2.1664925937
      ** Copyright 2017-2023 Xilinx, Inc. All Rights Reserved.



open_hw_target
INFO: [Labtoolstcl 44-466] Opening hw_target localhost:3121/xilinx_tcf/Digilent/210292B18098A
set_property PROGRAM.FILE {/home/stefano/Desktop/PhD/Lavori/InProgress/uVTx/implementation/platform/fpga/vivado/cv32e41s_soc/cv32e41s_soc.runs/impl_1/top_nexys7.bit} [get_hw_devices xc7a100t_0]
current_hw_device [get_hw_devices xc7a100t_0]
refresh_hw_device -update_hw_probes false [lindex [get_hw_devices xc7a100t_0] 0]
INFO: [Labtools 27-1434] Device xc7a100t (JTAG device index = 0) is programmed with a design that has no supported debug core(s) in it.
set_property PROBES.FILE {} [get_hw_devices xc7a100t_0]
set_property FULL_PROBES.FILE {} [get_hw_devices xc7a100t_0]
set_property PROGRAM.FILE {/home/stefano/Desktop/PhD/Lavori/InProgress/uVTx/implementation/platform/fpga/vivado/cv32e41s_soc/cv32e41s_soc.runs/impl_1/top_nexys7.bit} [get_hw_devices xc7a100t_0]
program_hw_devices [get_hw_devices xc7a100t_0]
INFO: [Labtools 27-3164] End of startup status: HIGH
refresh_hw_device [lindex [get_hw_devices xc7a100t_0] 0]
INFO: [Labtools 27-1434] Device xc7a100t (JTAG device index = 0) is programmed with a design that has no supported debug core(s) in it.
refresh_hw_device [lindex [get_hw_devices xc7a100t_0] 0]
INFO: [Labtools 27-1434] Device xc7a100t (JTAG device index = 0) is programmed with a design that has no supported debug core(s) in it.
set_property PROBES.FILE {} [get_hw_devices xc7a100t_0]
set_property FULL_PROBES.FILE {} [get_hw_devices xc7a100t_0]
set_property PROGRAM.FILE {/home/stefano/Desktop/PhD/Lavori/InProgress/uVTx/implementation/platform/fpga/vivado/cv32e41s_soc/cv32e41s_soc.runs/impl_1/top_nexys7.bit} [get_hw_devices xc7a100t_0]
program_hw_devices [get_hw_devices xc7a100t_0]
INFO: [Labtools 27-3164] End of startup status: HIGH
refresh_hw_device [lindex [get_hw_devices xc7a100t_0] 0]
INFO: [Labtools 27-1434] Device xc7a100t (JTAG device index = 0) is programmed with a design that has no supported debug core(s) in it.
close_hw_manager
reset_run synth_1
INFO: [Project 1-1161] Replacing file /home/stefano/Desktop/PhD/Lavori/InProgress/uVTx/implementation/platform/fpga/vivado/cv32e41s_soc/cv32e41s_soc.srcs/utils_1/imports/synth_1/top_nexys7.dcp with file /home/stefano/Desktop/PhD/Lavori/InProgress/uVTx/implementation/platform/fpga/vivado/cv32e41s_soc/cv32e41s_soc.runs/synth_1/top_nexys7.dcp
launch_runs impl_1 -jobs 8
[Tue Jul  4 09:19:20 2023] Launched synth_1...
Run output will be captured here: /home/stefano/Desktop/PhD/Lavori/InProgress/uVTx/implementation/platform/fpga/vivado/cv32e41s_soc/cv32e41s_soc.runs/synth_1/runme.log
[Tue Jul  4 09:19:20 2023] Launched impl_1...
Run output will be captured here: /home/stefano/Desktop/PhD/Lavori/InProgress/uVTx/implementation/platform/fpga/vivado/cv32e41s_soc/cv32e41s_soc.runs/impl_1/runme.log
close_design
reset_run synth_1
INFO: [Project 1-1161] Replacing file /home/stefano/Desktop/PhD/Lavori/InProgress/uVTx/implementation/platform/fpga/vivado/cv32e41s_soc/cv32e41s_soc.srcs/utils_1/imports/synth_1/top_nexys7.dcp with file /home/stefano/Desktop/PhD/Lavori/InProgress/uVTx/implementation/platform/fpga/vivado/cv32e41s_soc/cv32e41s_soc.runs/synth_1/top_nexys7.dcp
launch_runs impl_1 -to_step write_bitstream -jobs 8
[Tue Jul  4 09:22:42 2023] Launched synth_1...
Run output will be captured here: /home/stefano/Desktop/PhD/Lavori/InProgress/uVTx/implementation/platform/fpga/vivado/cv32e41s_soc/cv32e41s_soc.runs/synth_1/runme.log
[Tue Jul  4 09:22:42 2023] Launched impl_1...
Run output will be captured here: /home/stefano/Desktop/PhD/Lavori/InProgress/uVTx/implementation/platform/fpga/vivado/cv32e41s_soc/cv32e41s_soc.runs/impl_1/runme.log
open_run impl_1
Netlist sorting complete. Time (s): cpu = 00:00:00.06 ; elapsed = 00:00:00.06 . Memory (MB): peak = 10156.664 ; gain = 0.000 ; free physical = 2741 ; free virtual = 9087
INFO: [Netlist 29-17] Analyzing 799 Unisim elements for replacement
INFO: [Netlist 29-28] Unisim Transformation completed in 0 CPU seconds
INFO: [Project 1-479] Netlist was created with Vivado 2022.2
INFO: [Project 1-570] Preparing netlist for logic optimization
INFO: [Timing 38-478] Restoring timing data from binary archive.
INFO: [Timing 38-479] Binary timing data restore complete.
INFO: [Project 1-856] Restoring constraints from binary archive.
INFO: [Project 1-853] Binary constraint restore complete.
Reading XDEF placement.
Reading placer database...
Reading XDEF routing.
Read XDEF Files: Time (s): cpu = 00:00:00.65 ; elapsed = 00:00:00.65 . Memory (MB): peak = 10156.664 ; gain = 0.000 ; free physical = 2644 ; free virtual = 8982
Restored from archive | CPU: 0.660000 secs | Memory: 14.368881 MB |
Finished XDEF File Restore: Time (s): cpu = 00:00:00.66 ; elapsed = 00:00:00.65 . Memory (MB): peak = 10156.664 ; gain = 0.000 ; free physical = 2644 ; free virtual = 8982
Netlist sorting complete. Time (s): cpu = 00:00:00 ; elapsed = 00:00:00 . Memory (MB): peak = 10156.664 ; gain = 0.000 ; free physical = 2644 ; free virtual = 8982
INFO: [Project 1-111] Unisim Transformation Summary:
No Unisim elements were transformed.

open_hw_manager
connect_hw_server -allow_non_jtag
INFO: [Labtools 27-2285] Connecting to hw_server url TCP:localhost:3121
INFO: [Labtools 27-2222] Launching hw_server...
INFO: [Labtools 27-2221] Launch Output:

****** Xilinx hw_server v2022.2
  **** Build date : Oct 14 2022 at 05:10:28
    ** Copyright 1986-2022 Xilinx, Inc. All Rights Reserved.


INFO: [Labtools 27-3415] Connecting to cs_server url TCP:localhost:0
INFO: [Labtools 27-3417] Launching cs_server...
INFO: [Labtools 27-2221] Launch Output:


******** Xilinx cs_server v2022.2.0
  ****** Build date   : Oct 05 2022-01:25:37
    **** Build number : 2022.2.1664925937
      ** Copyright 2017-2023 Xilinx, Inc. All Rights Reserved.



open_hw_target
INFO: [Labtoolstcl 44-466] Opening hw_target localhost:3121/xilinx_tcf/Digilent/210292B18098A
set_property PROGRAM.FILE {/home/stefano/Desktop/PhD/Lavori/InProgress/uVTx/implementation/platform/fpga/vivado/cv32e41s_soc/cv32e41s_soc.runs/impl_1/top_nexys7.bit} [get_hw_devices xc7a100t_0]
current_hw_device [get_hw_devices xc7a100t_0]
refresh_hw_device -update_hw_probes false [lindex [get_hw_devices xc7a100t_0] 0]
INFO: [Labtools 27-1435] Device xc7a100t (JTAG device index = 0) is not programmed (DONE status = 0).
set_property PROBES.FILE {} [get_hw_devices xc7a100t_0]
set_property FULL_PROBES.FILE {} [get_hw_devices xc7a100t_0]
set_property PROGRAM.FILE {/home/stefano/Desktop/PhD/Lavori/InProgress/uVTx/implementation/platform/fpga/vivado/cv32e41s_soc/cv32e41s_soc.runs/impl_1/top_nexys7.bit} [get_hw_devices xc7a100t_0]
program_hw_devices [get_hw_devices xc7a100t_0]
INFO: [Labtools 27-3164] End of startup status: HIGH
refresh_hw_device [lindex [get_hw_devices xc7a100t_0] 0]
INFO: [Labtools 27-1434] Device xc7a100t (JTAG device index = 0) is programmed with a design that has no supported debug core(s) in it.
reset_run impl_1
launch_runs impl_1 -jobs 8
[Tue Jul  4 09:32:57 2023] Launched impl_1...
Run output will be captured here: /home/stefano/Desktop/PhD/Lavori/InProgress/uVTx/implementation/platform/fpga/vivado/cv32e41s_soc/cv32e41s_soc.runs/impl_1/runme.log
reset_run impl_1
launch_runs impl_1 -jobs 8
[Tue Jul  4 09:34:54 2023] Launched impl_1...
Run output will be captured here: /home/stefano/Desktop/PhD/Lavori/InProgress/uVTx/implementation/platform/fpga/vivado/cv32e41s_soc/cv32e41s_soc.runs/impl_1/runme.log
launch_runs impl_1 -to_step write_bitstream -jobs 8
[Tue Jul  4 09:36:24 2023] Launched impl_1...
Run output will be captured here: /home/stefano/Desktop/PhD/Lavori/InProgress/uVTx/implementation/platform/fpga/vivado/cv32e41s_soc/cv32e41s_soc.runs/impl_1/runme.log
close_hw_manager
close_design
open_hw_manager
connect_hw_server -allow_non_jtag
INFO: [Labtools 27-2285] Connecting to hw_server url TCP:localhost:3121
INFO: [Labtools 27-2222] Launching hw_server...
INFO: [Labtools 27-2221] Launch Output:

****** Xilinx hw_server v2022.2
  **** Build date : Oct 14 2022 at 05:10:28
    ** Copyright 1986-2022 Xilinx, Inc. All Rights Reserved.


INFO: [Labtools 27-3415] Connecting to cs_server url TCP:localhost:0
INFO: [Labtools 27-3417] Launching cs_server...
INFO: [Labtools 27-2221] Launch Output:


******** Xilinx cs_server v2022.2.0
  ****** Build date   : Oct 05 2022-01:25:37
    **** Build number : 2022.2.1664925937
      ** Copyright 2017-2023 Xilinx, Inc. All Rights Reserved.



open_hw_target
INFO: [Labtoolstcl 44-466] Opening hw_target localhost:3121/xilinx_tcf/Digilent/210292B18098A
set_property PROGRAM.FILE {/home/stefano/Desktop/PhD/Lavori/InProgress/uVTx/implementation/platform/fpga/vivado/cv32e41s_soc/cv32e41s_soc.runs/impl_1/top_nexys7.bit} [get_hw_devices xc7a100t_0]
current_hw_device [get_hw_devices xc7a100t_0]
refresh_hw_device -update_hw_probes false [lindex [get_hw_devices xc7a100t_0] 0]
INFO: [Labtools 27-1435] Device xc7a100t (JTAG device index = 0) is not programmed (DONE status = 0).
set_property PROBES.FILE {} [get_hw_devices xc7a100t_0]
set_property FULL_PROBES.FILE {} [get_hw_devices xc7a100t_0]
set_property PROGRAM.FILE {/home/stefano/Desktop/PhD/Lavori/InProgress/uVTx/implementation/platform/fpga/vivado/cv32e41s_soc/cv32e41s_soc.runs/impl_1/top_nexys7.bit} [get_hw_devices xc7a100t_0]
program_hw_devices [get_hw_devices xc7a100t_0]
INFO: [Labtools 27-3164] End of startup status: HIGH
refresh_hw_device [lindex [get_hw_devices xc7a100t_0] 0]
INFO: [Labtools 27-1434] Device xc7a100t (JTAG device index = 0) is programmed with a design that has no supported debug core(s) in it.
close_hw_manager
close_project
open_project /home/stefano/Desktop/PhD/Lavori/InProgress/uVTx/implementation/platform/fpga/vivado/cv32e41s_soc/cv32e41s_soc.xpr
INFO: [filemgmt 56-3] Default IP Output Path : Could not find the directory '/home/stefano/Desktop/PhD/Lavori/InProgress/uVTx/implementation/platform/fpga/vivado/cv32e41s_soc/cv32e41s_soc.gen/sources_1'.
Scanning sources...
Finished scanning sources
INFO: [IP_Flow 19-234] Refreshing IP repositories
INFO: [IP_Flow 19-1704] No user IP repositories specified
INFO: [IP_Flow 19-2313] Loaded Vivado IP repository '/tools/Xilinx/Vivado/2022.2/data/ip'.
update_compile_order -fileset sources_1
reset_run synth_1
INFO: [Project 1-1161] Replacing file /home/stefano/Desktop/PhD/Lavori/InProgress/uVTx/implementation/platform/fpga/vivado/cv32e41s_soc/cv32e41s_soc.srcs/utils_1/imports/synth_1/top_nexys7.dcp with file /home/stefano/Desktop/PhD/Lavori/InProgress/uVTx/implementation/platform/fpga/vivado/cv32e41s_soc/cv32e41s_soc.runs/synth_1/top_nexys7.dcp
launch_runs impl_1 -jobs 8
[Tue Jul  4 09:38:32 2023] Launched synth_1...
Run output will be captured here: /home/stefano/Desktop/PhD/Lavori/InProgress/uVTx/implementation/platform/fpga/vivado/cv32e41s_soc/cv32e41s_soc.runs/synth_1/runme.log
[Tue Jul  4 09:38:32 2023] Launched impl_1...
Run output will be captured here: /home/stefano/Desktop/PhD/Lavori/InProgress/uVTx/implementation/platform/fpga/vivado/cv32e41s_soc/cv32e41s_soc.runs/impl_1/runme.log
launch_runs impl_1 -to_step write_bitstream -jobs 8
[Tue Jul  4 09:42:23 2023] Launched impl_1...
Run output will be captured here: /home/stefano/Desktop/PhD/Lavori/InProgress/uVTx/implementation/platform/fpga/vivado/cv32e41s_soc/cv32e41s_soc.runs/impl_1/runme.log
open_hw_manager
connect_hw_server -allow_non_jtag
INFO: [Labtools 27-2285] Connecting to hw_server url TCP:localhost:3121
INFO: [Labtools 27-2222] Launching hw_server...
INFO: [Labtools 27-2221] Launch Output:

****** Xilinx hw_server v2022.2
  **** Build date : Oct 14 2022 at 05:10:28
    ** Copyright 1986-2022 Xilinx, Inc. All Rights Reserved.


INFO: [Labtools 27-3415] Connecting to cs_server url TCP:localhost:0
INFO: [Labtools 27-3417] Launching cs_server...
INFO: [Labtools 27-2221] Launch Output:


******** Xilinx cs_server v2022.2.0
  ****** Build date   : Oct 05 2022-01:25:37
    **** Build number : 2022.2.1664925937
      ** Copyright 2017-2023 Xilinx, Inc. All Rights Reserved.



open_hw_target
INFO: [Labtoolstcl 44-466] Opening hw_target localhost:3121/xilinx_tcf/Digilent/210292B18098A
set_property PROGRAM.FILE {/home/stefano/Desktop/PhD/Lavori/InProgress/uVTx/implementation/platform/fpga/vivado/cv32e41s_soc/cv32e41s_soc.runs/impl_1/top_nexys7.bit} [get_hw_devices xc7a100t_0]
current_hw_device [get_hw_devices xc7a100t_0]
refresh_hw_device -update_hw_probes false [lindex [get_hw_devices xc7a100t_0] 0]
INFO: [Labtools 27-1434] Device xc7a100t (JTAG device index = 0) is programmed with a design that has no supported debug core(s) in it.
set_property PROBES.FILE {} [get_hw_devices xc7a100t_0]
set_property FULL_PROBES.FILE {} [get_hw_devices xc7a100t_0]
set_property PROGRAM.FILE {/home/stefano/Desktop/PhD/Lavori/InProgress/uVTx/implementation/platform/fpga/vivado/cv32e41s_soc/cv32e41s_soc.runs/impl_1/top_nexys7.bit} [get_hw_devices xc7a100t_0]
program_hw_devices [get_hw_devices xc7a100t_0]
INFO: [Labtools 27-3164] End of startup status: HIGH
refresh_hw_device [lindex [get_hw_devices xc7a100t_0] 0]
INFO: [Labtools 27-1434] Device xc7a100t (JTAG device index = 0) is programmed with a design that has no supported debug core(s) in it.
close_hw_manager
reset_run synth_1
INFO: [Project 1-1161] Replacing file /home/stefano/Desktop/PhD/Lavori/InProgress/uVTx/implementation/platform/fpga/vivado/cv32e41s_soc/cv32e41s_soc.srcs/utils_1/imports/synth_1/top_nexys7.dcp with file /home/stefano/Desktop/PhD/Lavori/InProgress/uVTx/implementation/platform/fpga/vivado/cv32e41s_soc/cv32e41s_soc.runs/synth_1/top_nexys7.dcp
launch_runs impl_1 -jobs 8
[Tue Jul  4 09:47:41 2023] Launched synth_1...
Run output will be captured here: /home/stefano/Desktop/PhD/Lavori/InProgress/uVTx/implementation/platform/fpga/vivado/cv32e41s_soc/cv32e41s_soc.runs/synth_1/runme.log
[Tue Jul  4 09:47:41 2023] Launched impl_1...
Run output will be captured here: /home/stefano/Desktop/PhD/Lavori/InProgress/uVTx/implementation/platform/fpga/vivado/cv32e41s_soc/cv32e41s_soc.runs/impl_1/runme.log
launch_runs impl_1 -to_step write_bitstream -jobs 8
[Tue Jul  4 09:51:19 2023] Launched impl_1...
Run output will be captured here: /home/stefano/Desktop/PhD/Lavori/InProgress/uVTx/implementation/platform/fpga/vivado/cv32e41s_soc/cv32e41s_soc.runs/impl_1/runme.log
open_hw_manager
connect_hw_server -allow_non_jtag
INFO: [Labtools 27-2285] Connecting to hw_server url TCP:localhost:3121
INFO: [Labtools 27-2222] Launching hw_server...
INFO: [Labtools 27-2221] Launch Output:

****** Xilinx hw_server v2022.2
  **** Build date : Oct 14 2022 at 05:10:28
    ** Copyright 1986-2022 Xilinx, Inc. All Rights Reserved.


INFO: [Labtools 27-3415] Connecting to cs_server url TCP:localhost:0
INFO: [Labtools 27-3417] Launching cs_server...
INFO: [Labtools 27-2221] Launch Output:


******** Xilinx cs_server v2022.2.0
  ****** Build date   : Oct 05 2022-01:25:37
    **** Build number : 2022.2.1664925937
      ** Copyright 2017-2023 Xilinx, Inc. All Rights Reserved.



open_hw_target
INFO: [Labtoolstcl 44-466] Opening hw_target localhost:3121/xilinx_tcf/Digilent/210292B18098A
set_property PROGRAM.FILE {/home/stefano/Desktop/PhD/Lavori/InProgress/uVTx/implementation/platform/fpga/vivado/cv32e41s_soc/cv32e41s_soc.runs/impl_1/top_nexys7.bit} [get_hw_devices xc7a100t_0]
current_hw_device [get_hw_devices xc7a100t_0]
refresh_hw_device -update_hw_probes false [lindex [get_hw_devices xc7a100t_0] 0]
INFO: [Labtools 27-1435] Device xc7a100t (JTAG device index = 0) is not programmed (DONE status = 0).
set_property PROBES.FILE {} [get_hw_devices xc7a100t_0]
set_property FULL_PROBES.FILE {} [get_hw_devices xc7a100t_0]
set_property PROGRAM.FILE {/home/stefano/Desktop/PhD/Lavori/InProgress/uVTx/implementation/platform/fpga/vivado/cv32e41s_soc/cv32e41s_soc.runs/impl_1/top_nexys7.bit} [get_hw_devices xc7a100t_0]
program_hw_devices [get_hw_devices xc7a100t_0]
INFO: [Labtools 27-3164] End of startup status: HIGH
refresh_hw_device [lindex [get_hw_devices xc7a100t_0] 0]
INFO: [Labtools 27-1434] Device xc7a100t (JTAG device index = 0) is programmed with a design that has no supported debug core(s) in it.
close_hw_manager
reset_run impl_1
launch_runs impl_1 -jobs 8
[Tue Jul  4 09:58:11 2023] Launched impl_1...
Run output will be captured here: /home/stefano/Desktop/PhD/Lavori/InProgress/uVTx/implementation/platform/fpga/vivado/cv32e41s_soc/cv32e41s_soc.runs/impl_1/runme.log
reset_run synth_1
INFO: [Project 1-1161] Replacing file /home/stefano/Desktop/PhD/Lavori/InProgress/uVTx/implementation/platform/fpga/vivado/cv32e41s_soc/cv32e41s_soc.srcs/utils_1/imports/synth_1/top_nexys7.dcp with file /home/stefano/Desktop/PhD/Lavori/InProgress/uVTx/implementation/platform/fpga/vivado/cv32e41s_soc/cv32e41s_soc.runs/synth_1/top_nexys7.dcp
launch_runs impl_1 -to_step write_bitstream -jobs 8
[Tue Jul  4 09:59:40 2023] Launched synth_1...
Run output will be captured here: /home/stefano/Desktop/PhD/Lavori/InProgress/uVTx/implementation/platform/fpga/vivado/cv32e41s_soc/cv32e41s_soc.runs/synth_1/runme.log
[Tue Jul  4 09:59:40 2023] Launched impl_1...
Run output will be captured here: /home/stefano/Desktop/PhD/Lavori/InProgress/uVTx/implementation/platform/fpga/vivado/cv32e41s_soc/cv32e41s_soc.runs/impl_1/runme.log
open_run impl_1
Netlist sorting complete. Time (s): cpu = 00:00:00.06 ; elapsed = 00:00:00.06 . Memory (MB): peak = 10201.414 ; gain = 0.000 ; free physical = 2852 ; free virtual = 9158
INFO: [Netlist 29-17] Analyzing 799 Unisim elements for replacement
INFO: [Netlist 29-28] Unisim Transformation completed in 0 CPU seconds
INFO: [Project 1-479] Netlist was created with Vivado 2022.2
INFO: [Project 1-570] Preparing netlist for logic optimization
INFO: [Timing 38-478] Restoring timing data from binary archive.
INFO: [Timing 38-479] Binary timing data restore complete.
INFO: [Project 1-856] Restoring constraints from binary archive.
INFO: [Project 1-853] Binary constraint restore complete.
Reading XDEF placement.
Reading placer database...
Reading XDEF routing.
Read XDEF Files: Time (s): cpu = 00:00:00.65 ; elapsed = 00:00:00.64 . Memory (MB): peak = 10201.414 ; gain = 0.000 ; free physical = 2718 ; free virtual = 9024
Restored from archive | CPU: 0.650000 secs | Memory: 14.354561 MB |
Finished XDEF File Restore: Time (s): cpu = 00:00:00.65 ; elapsed = 00:00:00.64 . Memory (MB): peak = 10201.414 ; gain = 0.000 ; free physical = 2718 ; free virtual = 9024
Netlist sorting complete. Time (s): cpu = 00:00:00.01 ; elapsed = 00:00:00 . Memory (MB): peak = 10201.414 ; gain = 0.000 ; free physical = 2718 ; free virtual = 9025
INFO: [Project 1-111] Unisim Transformation Summary:
No Unisim elements were transformed.

open_hw_manager
connect_hw_server -allow_non_jtag
INFO: [Labtools 27-2285] Connecting to hw_server url TCP:localhost:3121
INFO: [Labtools 27-2222] Launching hw_server...
INFO: [Labtools 27-2221] Launch Output:

****** Xilinx hw_server v2022.2
  **** Build date : Oct 14 2022 at 05:10:28
    ** Copyright 1986-2022 Xilinx, Inc. All Rights Reserved.


INFO: [Labtools 27-3415] Connecting to cs_server url TCP:localhost:0
INFO: [Labtools 27-3417] Launching cs_server...
INFO: [Labtools 27-2221] Launch Output:


******** Xilinx cs_server v2022.2.0
  ****** Build date   : Oct 05 2022-01:25:37
    **** Build number : 2022.2.1664925937
      ** Copyright 2017-2023 Xilinx, Inc. All Rights Reserved.



open_hw_target
INFO: [Labtoolstcl 44-466] Opening hw_target localhost:3121/xilinx_tcf/Digilent/210292B18098A
set_property PROGRAM.FILE {/home/stefano/Desktop/PhD/Lavori/InProgress/uVTx/implementation/platform/fpga/vivado/cv32e41s_soc/cv32e41s_soc.runs/impl_1/top_nexys7.bit} [get_hw_devices xc7a100t_0]
current_hw_device [get_hw_devices xc7a100t_0]
refresh_hw_device -update_hw_probes false [lindex [get_hw_devices xc7a100t_0] 0]
INFO: [Labtools 27-1435] Device xc7a100t (JTAG device index = 0) is not programmed (DONE status = 0).
set_property PROBES.FILE {} [get_hw_devices xc7a100t_0]
set_property FULL_PROBES.FILE {} [get_hw_devices xc7a100t_0]
set_property PROGRAM.FILE {/home/stefano/Desktop/PhD/Lavori/InProgress/uVTx/implementation/platform/fpga/vivado/cv32e41s_soc/cv32e41s_soc.runs/impl_1/top_nexys7.bit} [get_hw_devices xc7a100t_0]
program_hw_devices [get_hw_devices xc7a100t_0]
INFO: [Labtools 27-3164] End of startup status: HIGH
refresh_hw_device [lindex [get_hw_devices xc7a100t_0] 0]
INFO: [Labtools 27-1434] Device xc7a100t (JTAG device index = 0) is programmed with a design that has no supported debug core(s) in it.
close_hw_manager
close_design
reset_run synth_1
INFO: [Project 1-1161] Replacing file /home/stefano/Desktop/PhD/Lavori/InProgress/uVTx/implementation/platform/fpga/vivado/cv32e41s_soc/cv32e41s_soc.srcs/utils_1/imports/synth_1/top_nexys7.dcp with file /home/stefano/Desktop/PhD/Lavori/InProgress/uVTx/implementation/platform/fpga/vivado/cv32e41s_soc/cv32e41s_soc.runs/synth_1/top_nexys7.dcp
launch_runs impl_1 -to_step write_bitstream -jobs 8
[Tue Jul  4 10:05:41 2023] Launched synth_1...
Run output will be captured here: /home/stefano/Desktop/PhD/Lavori/InProgress/uVTx/implementation/platform/fpga/vivado/cv32e41s_soc/cv32e41s_soc.runs/synth_1/runme.log
[Tue Jul  4 10:05:41 2023] Launched impl_1...
Run output will be captured here: /home/stefano/Desktop/PhD/Lavori/InProgress/uVTx/implementation/platform/fpga/vivado/cv32e41s_soc/cv32e41s_soc.runs/impl_1/runme.log
open_run impl_1
Netlist sorting complete. Time (s): cpu = 00:00:00.06 ; elapsed = 00:00:00.06 . Memory (MB): peak = 10250.641 ; gain = 0.000 ; free physical = 2842 ; free virtual = 9109
INFO: [Netlist 29-17] Analyzing 799 Unisim elements for replacement
INFO: [Netlist 29-28] Unisim Transformation completed in 0 CPU seconds
INFO: [Project 1-479] Netlist was created with Vivado 2022.2
INFO: [Project 1-570] Preparing netlist for logic optimization
INFO: [Timing 38-478] Restoring timing data from binary archive.
INFO: [Timing 38-479] Binary timing data restore complete.
INFO: [Project 1-856] Restoring constraints from binary archive.
INFO: [Project 1-853] Binary constraint restore complete.
Reading XDEF placement.
Reading placer database...
Reading XDEF routing.
Read XDEF Files: Time (s): cpu = 00:00:00.63 ; elapsed = 00:00:00.62 . Memory (MB): peak = 10250.641 ; gain = 0.000 ; free physical = 2692 ; free virtual = 8960
Restored from archive | CPU: 0.640000 secs | Memory: 14.352921 MB |
Finished XDEF File Restore: Time (s): cpu = 00:00:00.64 ; elapsed = 00:00:00.62 . Memory (MB): peak = 10250.641 ; gain = 0.000 ; free physical = 2692 ; free virtual = 8960
Netlist sorting complete. Time (s): cpu = 00:00:00 ; elapsed = 00:00:00 . Memory (MB): peak = 10250.641 ; gain = 0.000 ; free physical = 2693 ; free virtual = 8961
INFO: [Project 1-111] Unisim Transformation Summary:
No Unisim elements were transformed.

open_hw_manager
connect_hw_server -allow_non_jtag
INFO: [Labtools 27-2285] Connecting to hw_server url TCP:localhost:3121
INFO: [Labtools 27-2222] Launching hw_server...
INFO: [Labtools 27-2221] Launch Output:

****** Xilinx hw_server v2022.2
  **** Build date : Oct 14 2022 at 05:10:28
    ** Copyright 1986-2022 Xilinx, Inc. All Rights Reserved.


INFO: [Labtools 27-3415] Connecting to cs_server url TCP:localhost:0
INFO: [Labtools 27-3417] Launching cs_server...
INFO: [Labtools 27-2221] Launch Output:


******** Xilinx cs_server v2022.2.0
  ****** Build date   : Oct 05 2022-01:25:37
    **** Build number : 2022.2.1664925937
      ** Copyright 2017-2023 Xilinx, Inc. All Rights Reserved.



open_hw_target
INFO: [Labtoolstcl 44-466] Opening hw_target localhost:3121/xilinx_tcf/Digilent/210292B18098A
set_property PROGRAM.FILE {/home/stefano/Desktop/PhD/Lavori/InProgress/uVTx/implementation/platform/fpga/vivado/cv32e41s_soc/cv32e41s_soc.runs/impl_1/top_nexys7.bit} [get_hw_devices xc7a100t_0]
current_hw_device [get_hw_devices xc7a100t_0]
refresh_hw_device -update_hw_probes false [lindex [get_hw_devices xc7a100t_0] 0]
INFO: [Labtools 27-1434] Device xc7a100t (JTAG device index = 0) is programmed with a design that has no supported debug core(s) in it.
set_property PROBES.FILE {} [get_hw_devices xc7a100t_0]
set_property FULL_PROBES.FILE {} [get_hw_devices xc7a100t_0]
set_property PROGRAM.FILE {/home/stefano/Desktop/PhD/Lavori/InProgress/uVTx/implementation/platform/fpga/vivado/cv32e41s_soc/cv32e41s_soc.runs/impl_1/top_nexys7.bit} [get_hw_devices xc7a100t_0]
program_hw_devices [get_hw_devices xc7a100t_0]
INFO: [Labtools 27-3164] End of startup status: HIGH
refresh_hw_device [lindex [get_hw_devices xc7a100t_0] 0]
INFO: [Labtools 27-1434] Device xc7a100t (JTAG device index = 0) is programmed with a design that has no supported debug core(s) in it.
ERROR: [Labtoolstcl 44-513] HW Target shutdown. Closing target: localhost:3121/xilinx_tcf/Digilent/210292B18098A
INFO: [Labtoolstcl 44-466] Opening hw_target localhost:3121/xilinx_tcf/Digilent/210292B18098A
INFO: [Labtools 27-1435] Device xc7a100t (JTAG device index = 0) is not programmed (DONE status = 0).
WARNING: [Labtoolstcl 44-129] No matching hw_ila_data was found.
close_hw_manager
update_compile_order -fileset sources_1
reset_run synth_1
INFO: [Project 1-1161] Replacing file /home/stefano/Desktop/PhD/Lavori/InProgress/uVTx/implementation/platform/fpga/vivado/cv32e41s_soc/cv32e41s_soc.srcs/utils_1/imports/synth_1/top_nexys7.dcp with file /home/stefano/Desktop/PhD/Lavori/InProgress/uVTx/implementation/platform/fpga/vivado/cv32e41s_soc/cv32e41s_soc.runs/synth_1/top_nexys7.dcp
launch_runs impl_1 -to_step write_bitstream -jobs 8
[Tue Jul  4 10:56:06 2023] Launched synth_1...
Run output will be captured here: /home/stefano/Desktop/PhD/Lavori/InProgress/uVTx/implementation/platform/fpga/vivado/cv32e41s_soc/cv32e41s_soc.runs/synth_1/runme.log
[Tue Jul  4 10:56:06 2023] Launched impl_1...
Run output will be captured here: /home/stefano/Desktop/PhD/Lavori/InProgress/uVTx/implementation/platform/fpga/vivado/cv32e41s_soc/cv32e41s_soc.runs/impl_1/runme.log
close_design
open_run impl_1
Netlist sorting complete. Time (s): cpu = 00:00:00.08 ; elapsed = 00:00:00.07 . Memory (MB): peak = 10285.648 ; gain = 0.000 ; free physical = 3001 ; free virtual = 8432
INFO: [Netlist 29-17] Analyzing 832 Unisim elements for replacement
INFO: [Netlist 29-28] Unisim Transformation completed in 0 CPU seconds
INFO: [Project 1-479] Netlist was created with Vivado 2022.2
INFO: [Project 1-570] Preparing netlist for logic optimization
INFO: [Timing 38-478] Restoring timing data from binary archive.
INFO: [Timing 38-479] Binary timing data restore complete.
INFO: [Project 1-856] Restoring constraints from binary archive.
INFO: [Project 1-853] Binary constraint restore complete.
Reading XDEF placement.
Reading placer database...
Reading XDEF routing.
Read XDEF Files: Time (s): cpu = 00:00:00.74 ; elapsed = 00:00:00.72 . Memory (MB): peak = 10285.648 ; gain = 0.000 ; free physical = 2871 ; free virtual = 8302
Restored from archive | CPU: 0.750000 secs | Memory: 16.157387 MB |
Finished XDEF File Restore: Time (s): cpu = 00:00:00.74 ; elapsed = 00:00:00.72 . Memory (MB): peak = 10285.648 ; gain = 0.000 ; free physical = 2871 ; free virtual = 8302
Netlist sorting complete. Time (s): cpu = 00:00:00 ; elapsed = 00:00:00 . Memory (MB): peak = 10285.648 ; gain = 0.000 ; free physical = 2871 ; free virtual = 8302
INFO: [Project 1-111] Unisim Transformation Summary:
  A total of 13 instances were transformed.
  RAM32M => RAM32M (RAMD32(x6), RAMS32(x2)): 13 instances

reset_run synth_1
INFO: [Project 1-1161] Replacing file /home/stefano/Desktop/PhD/Lavori/InProgress/uVTx/implementation/platform/fpga/vivado/cv32e41s_soc/cv32e41s_soc.srcs/utils_1/imports/synth_1/top_nexys7.dcp with file /home/stefano/Desktop/PhD/Lavori/InProgress/uVTx/implementation/platform/fpga/vivado/cv32e41s_soc/cv32e41s_soc.runs/synth_1/top_nexys7.dcp
launch_runs impl_1 -to_step write_bitstream -jobs 8
[Tue Jul  4 11:00:35 2023] Launched synth_1...
Run output will be captured here: /home/stefano/Desktop/PhD/Lavori/InProgress/uVTx/implementation/platform/fpga/vivado/cv32e41s_soc/cv32e41s_soc.runs/synth_1/runme.log
[Tue Jul  4 11:00:35 2023] Launched impl_1...
Run output will be captured here: /home/stefano/Desktop/PhD/Lavori/InProgress/uVTx/implementation/platform/fpga/vivado/cv32e41s_soc/cv32e41s_soc.runs/impl_1/runme.log
close_design
open_hw_manager
connect_hw_server -allow_non_jtag
INFO: [Labtools 27-2285] Connecting to hw_server url TCP:localhost:3121
INFO: [Labtools 27-2222] Launching hw_server...
INFO: [Labtools 27-2221] Launch Output:

****** Xilinx hw_server v2022.2
  **** Build date : Oct 14 2022 at 05:10:28
    ** Copyright 1986-2022 Xilinx, Inc. All Rights Reserved.


INFO: [Labtools 27-3415] Connecting to cs_server url TCP:localhost:0
INFO: [Labtools 27-3417] Launching cs_server...
INFO: [Labtools 27-2221] Launch Output:


******** Xilinx cs_server v2022.2.0
  ****** Build date   : Oct 05 2022-01:25:37
    **** Build number : 2022.2.1664925937
      ** Copyright 2017-2023 Xilinx, Inc. All Rights Reserved.



open_hw_target
INFO: [Labtoolstcl 44-466] Opening hw_target localhost:3121/xilinx_tcf/Digilent/210292B18098A
set_property PROGRAM.FILE {/home/stefano/Desktop/PhD/Lavori/InProgress/uVTx/implementation/platform/fpga/vivado/cv32e41s_soc/cv32e41s_soc.runs/impl_1/top_nexys7.bit} [get_hw_devices xc7a100t_0]
current_hw_device [get_hw_devices xc7a100t_0]
refresh_hw_device -update_hw_probes false [lindex [get_hw_devices xc7a100t_0] 0]
INFO: [Labtools 27-1435] Device xc7a100t (JTAG device index = 0) is not programmed (DONE status = 0).
set_property PROBES.FILE {} [get_hw_devices xc7a100t_0]
set_property FULL_PROBES.FILE {} [get_hw_devices xc7a100t_0]
set_property PROGRAM.FILE {/home/stefano/Desktop/PhD/Lavori/InProgress/uVTx/implementation/platform/fpga/vivado/cv32e41s_soc/cv32e41s_soc.runs/impl_1/top_nexys7.bit} [get_hw_devices xc7a100t_0]
program_hw_devices [get_hw_devices xc7a100t_0]
INFO: [Labtools 27-3164] End of startup status: HIGH
refresh_hw_device [lindex [get_hw_devices xc7a100t_0] 0]
INFO: [Labtools 27-1434] Device xc7a100t (JTAG device index = 0) is programmed with a design that has no supported debug core(s) in it.
close_hw_manager
open_hw_manager
connect_hw_server -allow_non_jtag
INFO: [Labtools 27-2285] Connecting to hw_server url TCP:localhost:3121
INFO: [Labtools 27-2222] Launching hw_server...
INFO: [Labtools 27-2221] Launch Output:

****** Xilinx hw_server v2022.2
  **** Build date : Oct 14 2022 at 05:10:28
    ** Copyright 1986-2022 Xilinx, Inc. All Rights Reserved.


INFO: [Labtools 27-3415] Connecting to cs_server url TCP:localhost:0
INFO: [Labtools 27-3417] Launching cs_server...
INFO: [Labtools 27-2221] Launch Output:


******** Xilinx cs_server v2022.2.0
  ****** Build date   : Oct 05 2022-01:25:37
    **** Build number : 2022.2.1664925937
      ** Copyright 2017-2023 Xilinx, Inc. All Rights Reserved.



open_hw_target
INFO: [Labtoolstcl 44-466] Opening hw_target localhost:3121/xilinx_tcf/Digilent/210292B18098A
set_property PROGRAM.FILE {/home/stefano/Desktop/PhD/Lavori/InProgress/uVTx/implementation/platform/fpga/vivado/cv32e41s_soc/cv32e41s_soc.runs/impl_1/top_nexys7.bit} [get_hw_devices xc7a100t_0]
current_hw_device [get_hw_devices xc7a100t_0]
refresh_hw_device -update_hw_probes false [lindex [get_hw_devices xc7a100t_0] 0]
INFO: [Labtools 27-1435] Device xc7a100t (JTAG device index = 0) is not programmed (DONE status = 0).
set_property PROBES.FILE {} [get_hw_devices xc7a100t_0]
set_property FULL_PROBES.FILE {} [get_hw_devices xc7a100t_0]
set_property PROGRAM.FILE {/home/stefano/Desktop/PhD/Lavori/InProgress/uVTx/implementation/platform/fpga/vivado/cv32e41s_soc/cv32e41s_soc.runs/impl_1/top_nexys7.bit} [get_hw_devices xc7a100t_0]
program_hw_devices [get_hw_devices xc7a100t_0]
INFO: [Labtools 27-3164] End of startup status: HIGH
refresh_hw_device [lindex [get_hw_devices xc7a100t_0] 0]
INFO: [Labtools 27-1434] Device xc7a100t (JTAG device index = 0) is programmed with a design that has no supported debug core(s) in it.
close_hw_manager
